<?xml version="1.0" encoding="UTF-8"?>
<!-- Generated by org.testng.reporters.JUnitReportReporter -->
<testsuite hostname="Windows81" name="com.api.TestScripts.GetRequestTest" tests="1" failures="0" timestamp="12 Jan 2020 07:00:02 GMT" time="1.473" errors="0">
  <testcase name="fetchCountry" time="1.473" classname="com.api.TestScripts.GetRequestTest"/>
</testsuite> <!-- com.api.TestScripts.GetRequestTest -->
