<?xml version="1.0" encoding="UTF-8"?>
<!-- Generated by org.testng.reporters.JUnitReportReporter -->
<testsuite hostname="Windows81" name="com.api.TestScripts.PostRequestTest" tests="1" failures="0" timestamp="5 Jan 2020 07:36:46 GMT" time="2.264" errors="0">
  <testcase name="createPost" time="2.264" classname="com.api.TestScripts.PostRequestTest"/>
</testsuite> <!-- com.api.TestScripts.PostRequestTest -->
