<?xml version="1.0" encoding="UTF-8"?>
<!-- Generated by org.testng.reporters.JUnitReportReporter -->
<testsuite hostname="Windows81" name="com.api.TestScripts.SampleTest" tests="1" failures="0" timestamp="12 Jan 2020 06:39:27 GMT" time="0.063" errors="0">
  <testcase name="praticeSampleTest" time="0.063" classname="com.api.TestScripts.SampleTest"/>
</testsuite> <!-- com.api.TestScripts.SampleTest -->
