<?xml version="1.0" encoding="UTF-8"?>
<!-- Generated by org.testng.reporters.JUnitReportReporter -->
<testsuite hostname="Windows81" name="com.api.TestScripts.FetchAllEmployeesTest" tests="1" failures="0" timestamp="12 Jan 2020 07:00:03 GMT" time="9.140" errors="0">
  <testcase name="getAllEmp" time="9.140" classname="com.api.TestScripts.FetchAllEmployeesTest"/>
</testsuite> <!-- com.api.TestScripts.FetchAllEmployeesTest -->
