<?xml version="1.0" encoding="UTF-8"?>
<!-- Generated by org.testng.reporters.JUnitReportReporter -->
<testsuite hostname="Windows81" name="com.api.TestScripts.DemoTest" tests="1" failures="0" timestamp="5 Jan 2020 08:28:40 GMT" time="0.003" errors="0">
  <testcase name="praticeDemoTest" time="0.003" classname="com.api.TestScripts.DemoTest"/>
</testsuite> <!-- com.api.TestScripts.DemoTest -->
