<?xml version="1.0" encoding="UTF-8"?>
<!-- Generated by org.testng.reporters.JUnitReportReporter -->
<testsuite hostname="Windows81" name="com.api.TestScripts.FetchAllEmployeesTest" tests="1" failures="0" timestamp="5 Jan 2020 08:28:40 GMT" time="11.576" errors="0">
  <testcase name="getAllEmp" time="11.576" classname="com.api.TestScripts.FetchAllEmployeesTest"/>
</testsuite> <!-- com.api.TestScripts.FetchAllEmployeesTest -->
