<?xml version="1.0" encoding="UTF-8"?>
<!-- Generated by org.testng.reporters.JUnitReportReporter -->
<testsuite hostname="Windows81" name="com.api.TestScripts.SampleTest" tests="1" failures="0" timestamp="5 Jan 2020 08:28:40 GMT" time="0.000" errors="0">
  <testcase name="praticeSampleTest" time="0.000" classname="com.api.TestScripts.SampleTest"/>
</testsuite> <!-- com.api.TestScripts.SampleTest -->
