<?xml version="1.0" encoding="UTF-8"?>
<!-- Generated by org.testng.reporters.JUnitReportReporter -->
<testsuite hostname="Windows81" name="com.api.TestScripts.PostRequestTest" tests="1" failures="0" timestamp="5 Jan 2020 08:28:40 GMT" time="3.913" errors="0">
  <testcase name="createPost" time="3.913" classname="com.api.TestScripts.PostRequestTest"/>
</testsuite> <!-- com.api.TestScripts.PostRequestTest -->
