<?xml version="1.0" encoding="UTF-8"?>
<!-- Generated by org.testng.reporters.JUnitReportReporter -->
<testsuite hostname="Windows81" name="com.api.TestScripts.GetRequestTest" tests="1" failures="0" timestamp="5 Jan 2020 08:28:40 GMT" time="11.901" errors="0">
  <testcase name="fetchCountry" time="11.901" classname="com.api.TestScripts.GetRequestTest"/>
</testsuite> <!-- com.api.TestScripts.GetRequestTest -->
