<?xml version="1.0" encoding="UTF-8"?>
<!-- Generated by org.testng.reporters.JUnitReportReporter -->
<testsuite hostname="Windows81" name="ArjitRest.ArjitRest.AppTest" tests="1" failures="0" timestamp="5 Jan 2020 08:28:44 GMT" time="0.002" errors="0">
  <testcase name="testApp" time="0.002" classname="ArjitRest.ArjitRest.AppTest"/>
</testsuite> <!-- ArjitRest.ArjitRest.AppTest -->
